/home/gballarin/hannah/Volterra/estimators/ngrc_funcs.py:235: RuntimeWarning: overflow encountered in scalar multiply
  monomial_row = monomial_row * Xtest[X_row_ids[row_id], j]
/home/gballarin/hannah/Volterra/estimators/ngrc_funcs.py:242: RuntimeWarning: invalid value encountered in matmul
  Xtest[0:self.ndim, j+1] = Xtest[0:self.ndim, j] + Otest @ self.Wout
/home/gballarin/hannah/Volterra/estimators/ngrc_funcs.py:235: RuntimeWarning: overflow encountered in scalar multiply
  monomial_row = monomial_row * Xtest[X_row_ids[row_id], j]
/home/gballarin/hannah/Volterra/estimators/ngrc_funcs.py:242: RuntimeWarning: invalid value encountered in matmul
  Xtest[0:self.ndim, j+1] = Xtest[0:self.ndim, j] + Otest @ self.Wout
/home/gballarin/hannah/Volterra/estimators/ngrc_funcs.py:235: RuntimeWarning: overflow encountered in scalar multiply
  monomial_row = monomial_row * Xtest[X_row_ids[row_id], j]
/home/gballarin/hannah/Volterra/estimators/ngrc_funcs.py:242: RuntimeWarning: invalid value encountered in matmul
  Xtest[0:self.ndim, j+1] = Xtest[0:self.ndim, j] + Otest @ self.Wout
/home/gballarin/hannah/Volterra/estimators/ngrc_funcs.py:235: RuntimeWarning: overflow encountered in scalar multiply
  monomial_row = monomial_row * Xtest[X_row_ids[row_id], j]
/home/gballarin/hannah/Volterra/estimators/ngrc_funcs.py:242: RuntimeWarning: invalid value encountered in matmul
  Xtest[0:self.ndim, j+1] = Xtest[0:self.ndim, j] + Otest @ self.Wout
/home/gballarin/hannah/Volterra/estimators/ngrc_funcs.py:235: RuntimeWarning: overflow encountered in scalar multiply
  monomial_row = monomial_row * Xtest[X_row_ids[row_id], j]
/home/gballarin/hannah/Volterra/estimators/ngrc_funcs.py:242: RuntimeWarning: invalid value encountered in matmul
  Xtest[0:self.ndim, j+1] = Xtest[0:self.ndim, j] + Otest @ self.Wout
/home/gballarin/hannah/Volterra/estimators/ngrc_funcs.py:235: RuntimeWarning: overflow encountered in scalar multiply
  monomial_row = monomial_row * Xtest[X_row_ids[row_id], j]
/home/gballarin/hannah/Volterra/estimators/ngrc_funcs.py:242: RuntimeWarning: invalid value encountered in matmul
  Xtest[0:self.ndim, j+1] = Xtest[0:self.ndim, j] + Otest @ self.Wout
/home/gballarin/hannah/Volterra/estimators/ngrc_funcs.py:235: RuntimeWarning: overflow encountered in scalar multiply
  monomial_row = monomial_row * Xtest[X_row_ids[row_id], j]
/home/gballarin/hannah/Volterra/estimators/ngrc_funcs.py:242: RuntimeWarning: invalid value encountered in matmul
  Xtest[0:self.ndim, j+1] = Xtest[0:self.ndim, j] + Otest @ self.Wout
/home/gballarin/hannah/Volterra/estimators/ngrc_funcs.py:235: RuntimeWarning: overflow encountered in scalar multiply
  monomial_row = monomial_row * Xtest[X_row_ids[row_id], j]
/home/gballarin/hannah/Volterra/estimators/ngrc_funcs.py:242: RuntimeWarning: invalid value encountered in matmul
  Xtest[0:self.ndim, j+1] = Xtest[0:self.ndim, j] + Otest @ self.Wout
/home/gballarin/hannah/Volterra/estimators/ngrc_funcs.py:235: RuntimeWarning: overflow encountered in scalar multiply
  monomial_row = monomial_row * Xtest[X_row_ids[row_id], j]
/home/gballarin/hannah/Volterra/estimators/ngrc_funcs.py:242: RuntimeWarning: invalid value encountered in matmul
  Xtest[0:self.ndim, j+1] = Xtest[0:self.ndim, j] + Otest @ self.Wout
/home/gballarin/hannah/Volterra/estimators/ngrc_funcs.py:235: RuntimeWarning: overflow encountered in scalar multiply
  monomial_row = monomial_row * Xtest[X_row_ids[row_id], j]
/home/gballarin/hannah/Volterra/estimators/ngrc_funcs.py:242: RuntimeWarning: invalid value encountered in matmul
  Xtest[0:self.ndim, j+1] = Xtest[0:self.ndim, j] + Otest @ self.Wout
/home/gballarin/hannah/Volterra/estimators/ngrc_funcs.py:235: RuntimeWarning: overflow encountered in scalar multiply
  monomial_row = monomial_row * Xtest[X_row_ids[row_id], j]
/home/gballarin/hannah/Volterra/estimators/ngrc_funcs.py:242: RuntimeWarning: invalid value encountered in matmul
  Xtest[0:self.ndim, j+1] = Xtest[0:self.ndim, j] + Otest @ self.Wout
/home/gballarin/hannah/Volterra/estimators/ngrc_funcs.py:235: RuntimeWarning: overflow encountered in scalar multiply
  monomial_row = monomial_row * Xtest[X_row_ids[row_id], j]
/home/gballarin/hannah/Volterra/estimators/ngrc_funcs.py:242: RuntimeWarning: invalid value encountered in matmul
  Xtest[0:self.ndim, j+1] = Xtest[0:self.ndim, j] + Otest @ self.Wout
/home/gballarin/hannah/Volterra/estimators/ngrc_funcs.py:235: RuntimeWarning: overflow encountered in scalar multiply
  monomial_row = monomial_row * Xtest[X_row_ids[row_id], j]
/home/gballarin/hannah/Volterra/estimators/ngrc_funcs.py:242: RuntimeWarning: invalid value encountered in matmul
  Xtest[0:self.ndim, j+1] = Xtest[0:self.ndim, j] + Otest @ self.Wout
/home/gballarin/hannah/Volterra/estimators/ngrc_funcs.py:235: RuntimeWarning: overflow encountered in scalar multiply
  monomial_row = monomial_row * Xtest[X_row_ids[row_id], j]
/home/gballarin/hannah/Volterra/estimators/ngrc_funcs.py:242: RuntimeWarning: invalid value encountered in matmul
  Xtest[0:self.ndim, j+1] = Xtest[0:self.ndim, j] + Otest @ self.Wout
/home/gballarin/hannah/Volterra/utils/errors.py:36: RuntimeWarning: overflow encountered in square
  mse = np.mean((y_true - y_pred)**2)
/home/gballarin/hannah/Volterra/estimators/ngrc_funcs.py:235: RuntimeWarning: overflow encountered in scalar multiply
  monomial_row = monomial_row * Xtest[X_row_ids[row_id], j]
/home/gballarin/hannah/Volterra/estimators/ngrc_funcs.py:242: RuntimeWarning: invalid value encountered in matmul
  Xtest[0:self.ndim, j+1] = Xtest[0:self.ndim, j] + Otest @ self.Wout
/home/gballarin/hannah/Volterra/utils/errors.py:36: RuntimeWarning: overflow encountered in square
  mse = np.mean((y_true - y_pred)**2)
/home/gballarin/hannah/Volterra/utils/errors.py:36: RuntimeWarning: overflow encountered in square
  mse = np.mean((y_true - y_pred)**2)
/home/gballarin/hannah/Volterra/utils/errors.py:36: RuntimeWarning: overflow encountered in square
  mse = np.mean((y_true - y_pred)**2)
/home/gballarin/hannah/Volterra/utils/errors.py:36: RuntimeWarning: overflow encountered in square
  mse = np.mean((y_true - y_pred)**2)
/home/gballarin/hannah/Volterra/utils/errors.py:36: RuntimeWarning: overflow encountered in square
  mse = np.mean((y_true - y_pred)**2)
/home/gballarin/hannah/Volterra/utils/errors.py:36: RuntimeWarning: overflow encountered in square
  mse = np.mean((y_true - y_pred)**2)
/home/gballarin/hannah/Volterra/utils/errors.py:36: RuntimeWarning: overflow encountered in square
  mse = np.mean((y_true - y_pred)**2)
/home/gballarin/hannah/Volterra/utils/errors.py:36: RuntimeWarning: overflow encountered in square
  mse = np.mean((y_true - y_pred)**2)
/home/gballarin/hannah/Volterra/utils/errors.py:36: RuntimeWarning: overflow encountered in square
  mse = np.mean((y_true - y_pred)**2)
/home/gballarin/hannah/Volterra/utils/errors.py:36: RuntimeWarning: overflow encountered in square
  mse = np.mean((y_true - y_pred)**2)
/home/gballarin/hannah/Volterra/utils/errors.py:36: RuntimeWarning: overflow encountered in square
  mse = np.mean((y_true - y_pred)**2)
/home/gballarin/hannah/Volterra/utils/errors.py:36: RuntimeWarning: overflow encountered in square
  mse = np.mean((y_true - y_pred)**2)
/home/gballarin/hannah/Volterra/utils/errors.py:36: RuntimeWarning: overflow encountered in square
  mse = np.mean((y_true - y_pred)**2)
/home/gballarin/hannah/Volterra/estimators/ngrc_funcs.py:235: RuntimeWarning: overflow encountered in scalar multiply
  monomial_row = monomial_row * Xtest[X_row_ids[row_id], j]
/home/gballarin/hannah/Volterra/estimators/ngrc_funcs.py:242: RuntimeWarning: invalid value encountered in matmul
  Xtest[0:self.ndim, j+1] = Xtest[0:self.ndim, j] + Otest @ self.Wout
/home/gballarin/hannah/Volterra/estimators/ngrc_funcs.py:235: RuntimeWarning: overflow encountered in scalar multiply
  monomial_row = monomial_row * Xtest[X_row_ids[row_id], j]
/home/gballarin/hannah/Volterra/estimators/ngrc_funcs.py:242: RuntimeWarning: invalid value encountered in matmul
  Xtest[0:self.ndim, j+1] = Xtest[0:self.ndim, j] + Otest @ self.Wout
/home/gballarin/hannah/Volterra/estimators/ngrc_funcs.py:235: RuntimeWarning: overflow encountered in scalar multiply
  monomial_row = monomial_row * Xtest[X_row_ids[row_id], j]
/home/gballarin/hannah/Volterra/estimators/ngrc_funcs.py:242: RuntimeWarning: invalid value encountered in matmul
  Xtest[0:self.ndim, j+1] = Xtest[0:self.ndim, j] + Otest @ self.Wout
/home/gballarin/hannah/Volterra/estimators/ngrc_funcs.py:235: RuntimeWarning: overflow encountered in scalar multiply
  monomial_row = monomial_row * Xtest[X_row_ids[row_id], j]
/home/gballarin/hannah/Volterra/estimators/ngrc_funcs.py:242: RuntimeWarning: invalid value encountered in matmul
  Xtest[0:self.ndim, j+1] = Xtest[0:self.ndim, j] + Otest @ self.Wout
/home/gballarin/hannah/Volterra/estimators/ngrc_funcs.py:235: RuntimeWarning: overflow encountered in scalar multiply
  monomial_row = monomial_row * Xtest[X_row_ids[row_id], j]
/home/gballarin/hannah/Volterra/estimators/ngrc_funcs.py:235: RuntimeWarning: overflow encountered in scalar multiply
  monomial_row = monomial_row * Xtest[X_row_ids[row_id], j]
/home/gballarin/hannah/Volterra/estimators/ngrc_funcs.py:242: RuntimeWarning: invalid value encountered in matmul
  Xtest[0:self.ndim, j+1] = Xtest[0:self.ndim, j] + Otest @ self.Wout
/home/gballarin/hannah/Volterra/estimators/ngrc_funcs.py:242: RuntimeWarning: invalid value encountered in matmul
  Xtest[0:self.ndim, j+1] = Xtest[0:self.ndim, j] + Otest @ self.Wout
/home/gballarin/hannah/Volterra/estimators/ngrc_funcs.py:235: RuntimeWarning: overflow encountered in scalar multiply
  monomial_row = monomial_row * Xtest[X_row_ids[row_id], j]
/home/gballarin/hannah/Volterra/estimators/ngrc_funcs.py:242: RuntimeWarning: invalid value encountered in matmul
  Xtest[0:self.ndim, j+1] = Xtest[0:self.ndim, j] + Otest @ self.Wout
/home/gballarin/hannah/Volterra/estimators/ngrc_funcs.py:235: RuntimeWarning: overflow encountered in scalar multiply
  monomial_row = monomial_row * Xtest[X_row_ids[row_id], j]
/home/gballarin/hannah/Volterra/estimators/ngrc_funcs.py:242: RuntimeWarning: invalid value encountered in matmul
  Xtest[0:self.ndim, j+1] = Xtest[0:self.ndim, j] + Otest @ self.Wout
/home/gballarin/hannah/Volterra/estimators/ngrc_funcs.py:235: RuntimeWarning: overflow encountered in scalar multiply
  monomial_row = monomial_row * Xtest[X_row_ids[row_id], j]
/home/gballarin/hannah/Volterra/estimators/ngrc_funcs.py:235: RuntimeWarning: overflow encountered in scalar multiply
  monomial_row = monomial_row * Xtest[X_row_ids[row_id], j]
/home/gballarin/hannah/Volterra/estimators/ngrc_funcs.py:242: RuntimeWarning: invalid value encountered in matmul
  Xtest[0:self.ndim, j+1] = Xtest[0:self.ndim, j] + Otest @ self.Wout
/home/gballarin/hannah/Volterra/estimators/ngrc_funcs.py:242: RuntimeWarning: invalid value encountered in matmul
  Xtest[0:self.ndim, j+1] = Xtest[0:self.ndim, j] + Otest @ self.Wout
/home/gballarin/hannah/Volterra/estimators/ngrc_funcs.py:235: RuntimeWarning: overflow encountered in scalar multiply
  monomial_row = monomial_row * Xtest[X_row_ids[row_id], j]
/home/gballarin/hannah/Volterra/estimators/ngrc_funcs.py:235: RuntimeWarning: overflow encountered in scalar multiply
  monomial_row = monomial_row * Xtest[X_row_ids[row_id], j]
/home/gballarin/hannah/Volterra/estimators/ngrc_funcs.py:235: RuntimeWarning: overflow encountered in scalar multiply
  monomial_row = monomial_row * Xtest[X_row_ids[row_id], j]
/home/gballarin/hannah/Volterra/estimators/ngrc_funcs.py:242: RuntimeWarning: invalid value encountered in matmul
  Xtest[0:self.ndim, j+1] = Xtest[0:self.ndim, j] + Otest @ self.Wout
/home/gballarin/hannah/Volterra/estimators/ngrc_funcs.py:235: RuntimeWarning: overflow encountered in scalar multiply
  monomial_row = monomial_row * Xtest[X_row_ids[row_id], j]
/home/gballarin/hannah/Volterra/estimators/ngrc_funcs.py:242: RuntimeWarning: invalid value encountered in matmul
  Xtest[0:self.ndim, j+1] = Xtest[0:self.ndim, j] + Otest @ self.Wout
/home/gballarin/hannah/Volterra/estimators/ngrc_funcs.py:242: RuntimeWarning: invalid value encountered in matmul
  Xtest[0:self.ndim, j+1] = Xtest[0:self.ndim, j] + Otest @ self.Wout
/home/gballarin/hannah/Volterra/estimators/ngrc_funcs.py:242: RuntimeWarning: invalid value encountered in matmul
  Xtest[0:self.ndim, j+1] = Xtest[0:self.ndim, j] + Otest @ self.Wout
/home/gballarin/hannah/Volterra/estimators/ngrc_funcs.py:235: RuntimeWarning: overflow encountered in scalar multiply
  monomial_row = monomial_row * Xtest[X_row_ids[row_id], j]
/home/gballarin/hannah/Volterra/estimators/ngrc_funcs.py:242: RuntimeWarning: invalid value encountered in matmul
  Xtest[0:self.ndim, j+1] = Xtest[0:self.ndim, j] + Otest @ self.Wout
/home/gballarin/hannah/Volterra/utils/errors.py:36: RuntimeWarning: overflow encountered in square
  mse = np.mean((y_true - y_pred)**2)
/home/gballarin/hannah/Volterra/utils/errors.py:36: RuntimeWarning: overflow encountered in square
  mse = np.mean((y_true - y_pred)**2)
/home/gballarin/hannah/Volterra/utils/errors.py:36: RuntimeWarning: overflow encountered in square
  mse = np.mean((y_true - y_pred)**2)
/home/gballarin/hannah/Volterra/utils/errors.py:36: RuntimeWarning: overflow encountered in square
  mse = np.mean((y_true - y_pred)**2)
/home/gballarin/hannah/Volterra/utils/errors.py:36: RuntimeWarning: overflow encountered in square
  mse = np.mean((y_true - y_pred)**2)
/home/gballarin/hannah/Volterra/utils/errors.py:36: RuntimeWarning: overflow encountered in square
  mse = np.mean((y_true - y_pred)**2)
/home/gballarin/hannah/Volterra/utils/errors.py:36: RuntimeWarning: overflow encountered in square
  mse = np.mean((y_true - y_pred)**2)
/home/gballarin/hannah/Volterra/utils/errors.py:36: RuntimeWarning: overflow encountered in square
  mse = np.mean((y_true - y_pred)**2)
/home/gballarin/hannah/Volterra/utils/errors.py:36: RuntimeWarning: overflow encountered in square
  mse = np.mean((y_true - y_pred)**2)
/home/gballarin/hannah/Volterra/utils/errors.py:36: RuntimeWarning: overflow encountered in square
  mse = np.mean((y_true - y_pred)**2)
/home/gballarin/hannah/Volterra/utils/errors.py:36: RuntimeWarning: overflow encountered in square
  mse = np.mean((y_true - y_pred)**2)
/home/gballarin/hannah/Volterra/utils/errors.py:36: RuntimeWarning: overflow encountered in square
  mse = np.mean((y_true - y_pred)**2)
/home/gballarin/hannah/Volterra/utils/errors.py:36: RuntimeWarning: overflow encountered in square
  mse = np.mean((y_true - y_pred)**2)
/home/gballarin/hannah/Volterra/utils/errors.py:36: RuntimeWarning: overflow encountered in square
  mse = np.mean((y_true - y_pred)**2)
/home/gballarin/hannah/Volterra/estimators/ngrc_funcs.py:235: RuntimeWarning: overflow encountered in scalar multiply
  monomial_row = monomial_row * Xtest[X_row_ids[row_id], j]
/home/gballarin/hannah/Volterra/estimators/ngrc_funcs.py:242: RuntimeWarning: invalid value encountered in matmul
  Xtest[0:self.ndim, j+1] = Xtest[0:self.ndim, j] + Otest @ self.Wout
/home/gballarin/hannah/Volterra/estimators/ngrc_funcs.py:235: RuntimeWarning: overflow encountered in scalar multiply
  monomial_row = monomial_row * Xtest[X_row_ids[row_id], j]
/home/gballarin/hannah/Volterra/estimators/ngrc_funcs.py:242: RuntimeWarning: invalid value encountered in matmul
  Xtest[0:self.ndim, j+1] = Xtest[0:self.ndim, j] + Otest @ self.Wout
/home/gballarin/hannah/Volterra/estimators/ngrc_funcs.py:235: RuntimeWarning: overflow encountered in scalar multiply
  monomial_row = monomial_row * Xtest[X_row_ids[row_id], j]
/home/gballarin/hannah/Volterra/estimators/ngrc_funcs.py:242: RuntimeWarning: invalid value encountered in matmul
  Xtest[0:self.ndim, j+1] = Xtest[0:self.ndim, j] + Otest @ self.Wout
/home/gballarin/hannah/Volterra/estimators/ngrc_funcs.py:235: RuntimeWarning: overflow encountered in scalar multiply
  monomial_row = monomial_row * Xtest[X_row_ids[row_id], j]
/home/gballarin/hannah/Volterra/estimators/ngrc_funcs.py:242: RuntimeWarning: invalid value encountered in matmul
  Xtest[0:self.ndim, j+1] = Xtest[0:self.ndim, j] + Otest @ self.Wout
/home/gballarin/hannah/Volterra/estimators/ngrc_funcs.py:235: RuntimeWarning: overflow encountered in scalar multiply
  monomial_row = monomial_row * Xtest[X_row_ids[row_id], j]
/home/gballarin/hannah/Volterra/estimators/ngrc_funcs.py:242: RuntimeWarning: invalid value encountered in matmul
  Xtest[0:self.ndim, j+1] = Xtest[0:self.ndim, j] + Otest @ self.Wout
/home/gballarin/hannah/Volterra/estimators/ngrc_funcs.py:235: RuntimeWarning: overflow encountered in scalar multiply
  monomial_row = monomial_row * Xtest[X_row_ids[row_id], j]
/home/gballarin/hannah/Volterra/estimators/ngrc_funcs.py:242: RuntimeWarning: invalid value encountered in matmul
  Xtest[0:self.ndim, j+1] = Xtest[0:self.ndim, j] + Otest @ self.Wout
/home/gballarin/hannah/Volterra/utils/errors.py:36: RuntimeWarning: overflow encountered in square
  mse = np.mean((y_true - y_pred)**2)
/home/gballarin/hannah/Volterra/estimators/ngrc_funcs.py:235: RuntimeWarning: overflow encountered in scalar multiply
  monomial_row = monomial_row * Xtest[X_row_ids[row_id], j]
/home/gballarin/hannah/Volterra/estimators/ngrc_funcs.py:242: RuntimeWarning: invalid value encountered in matmul
  Xtest[0:self.ndim, j+1] = Xtest[0:self.ndim, j] + Otest @ self.Wout
/home/gballarin/hannah/Volterra/estimators/ngrc_funcs.py:235: RuntimeWarning: overflow encountered in scalar multiply
  monomial_row = monomial_row * Xtest[X_row_ids[row_id], j]
/home/gballarin/hannah/Volterra/estimators/ngrc_funcs.py:242: RuntimeWarning: invalid value encountered in matmul
  Xtest[0:self.ndim, j+1] = Xtest[0:self.ndim, j] + Otest @ self.Wout
/home/gballarin/hannah/Volterra/estimators/ngrc_funcs.py:235: RuntimeWarning: overflow encountered in scalar multiply
  monomial_row = monomial_row * Xtest[X_row_ids[row_id], j]
/home/gballarin/hannah/Volterra/utils/errors.py:36: RuntimeWarning: overflow encountered in square
  mse = np.mean((y_true - y_pred)**2)
/home/gballarin/hannah/Volterra/estimators/ngrc_funcs.py:242: RuntimeWarning: invalid value encountered in matmul
  Xtest[0:self.ndim, j+1] = Xtest[0:self.ndim, j] + Otest @ self.Wout
/home/gballarin/hannah/Volterra/utils/errors.py:36: RuntimeWarning: overflow encountered in square
  mse = np.mean((y_true - y_pred)**2)
/home/gballarin/hannah/Volterra/utils/errors.py:36: RuntimeWarning: overflow encountered in square
  mse = np.mean((y_true - y_pred)**2)
/home/gballarin/hannah/Volterra/utils/errors.py:36: RuntimeWarning: overflow encountered in square
  mse = np.mean((y_true - y_pred)**2)
/home/gballarin/hannah/Volterra/utils/errors.py:36: RuntimeWarning: overflow encountered in square
  mse = np.mean((y_true - y_pred)**2)
/home/gballarin/hannah/Volterra/utils/errors.py:36: RuntimeWarning: overflow encountered in square
  mse = np.mean((y_true - y_pred)**2)
/home/gballarin/hannah/Volterra/utils/errors.py:36: RuntimeWarning: overflow encountered in square
  mse = np.mean((y_true - y_pred)**2)
/home/gballarin/hannah/Volterra/utils/errors.py:36: RuntimeWarning: overflow encountered in square
  mse = np.mean((y_true - y_pred)**2)
/home/gballarin/hannah/Volterra/estimators/ngrc_funcs.py:235: RuntimeWarning: overflow encountered in scalar multiply
  monomial_row = monomial_row * Xtest[X_row_ids[row_id], j]
/home/gballarin/hannah/Volterra/estimators/ngrc_funcs.py:242: RuntimeWarning: invalid value encountered in matmul
  Xtest[0:self.ndim, j+1] = Xtest[0:self.ndim, j] + Otest @ self.Wout
/home/gballarin/hannah/Volterra/estimators/ngrc_funcs.py:235: RuntimeWarning: overflow encountered in scalar multiply
  monomial_row = monomial_row * Xtest[X_row_ids[row_id], j]
/home/gballarin/hannah/Volterra/estimators/ngrc_funcs.py:242: RuntimeWarning: invalid value encountered in matmul
  Xtest[0:self.ndim, j+1] = Xtest[0:self.ndim, j] + Otest @ self.Wout
/home/gballarin/hannah/Volterra/estimators/ngrc_funcs.py:235: RuntimeWarning: overflow encountered in scalar multiply
  monomial_row = monomial_row * Xtest[X_row_ids[row_id], j]
/home/gballarin/hannah/Volterra/estimators/ngrc_funcs.py:242: RuntimeWarning: invalid value encountered in matmul
  Xtest[0:self.ndim, j+1] = Xtest[0:self.ndim, j] + Otest @ self.Wout
/home/gballarin/hannah/Volterra/utils/errors.py:36: RuntimeWarning: overflow encountered in square
  mse = np.mean((y_true - y_pred)**2)
/home/gballarin/hannah/Volterra/utils/errors.py:36: RuntimeWarning: overflow encountered in square
  mse = np.mean((y_true - y_pred)**2)
/home/gballarin/hannah/Volterra/utils/errors.py:36: RuntimeWarning: overflow encountered in square
  mse = np.mean((y_true - y_pred)**2)
/home/gballarin/hannah/Volterra/utils/errors.py:36: RuntimeWarning: overflow encountered in square
  mse = np.mean((y_true - y_pred)**2)
Reached 10 hyperparameters
Best estimate so far: 139.743104469074 with (1, 1, 1e-06, 0, True)
Reached 20 hyperparameters
Best estimate so far: 0.797357706455412 with (1, 2, 1e-09, 0, True)
Reached 30 hyperparameters
Best estimate so far: 0.0013314784544407705 with (1, 3, 1e-12, 0, True)
Reached 40 hyperparameters
Best estimate so far: 0.0013314374818122676 with (1, 3, 1e-08, 0, True)
Reached 50 hyperparameters
Best estimate so far: 0.0013314374818122676 with (1, 3, 1e-08, 0, True)
Reached 60 hyperparameters
Best estimate so far: 0.0013313349377381395 with (1, 3, 1e-07, 0, True)
Reached 70 hyperparameters
Best estimate so far: 0.0013313349377381395 with (1, 3, 1e-07, 0, True)
Reached 80 hyperparameters
Best estimate so far: 0.0013313349377381395 with (1, 3, 1e-07, 0, True)
Reached 90 hyperparameters
Best estimate so far: 0.0007118021994877623 with (2, 2, 0.01, 0, True)
Reached 100 hyperparameters
Best estimate so far: 0.00017033575292554112 with (3, 2, 1e-08, 0, True)
Reached 110 hyperparameters
Best estimate so far: 0.00017033575292554112 with (3, 2, 1e-08, 0, True)
Reached 120 hyperparameters
Best estimate so far: 4.4439871036877445e-05 with (3, 2, 1e-07, 0, True)
Reached 130 hyperparameters
Best estimate so far: 4.4439871036877445e-05 with (3, 2, 1e-07, 0, True)
Reached 140 hyperparameters
Best estimate so far: 4.4439871036877445e-05 with (3, 2, 1e-07, 0, True)
Reached 150 hyperparameters
Best estimate so far: 4.4439871036877445e-05 with (3, 2, 1e-07, 0, True)
Reached 160 hyperparameters
Best estimate so far: 4.4439871036877445e-05 with (3, 2, 1e-07, 0, True)
Reached 170 hyperparameters
Best estimate so far: 4.4439871036877445e-05 with (3, 2, 1e-07, 0, True)
Reached 180 hyperparameters
Best estimate so far: 4.4439871036877445e-05 with (3, 2, 1e-07, 0, True)
Reached 190 hyperparameters
Best estimate so far: 4.4439871036877445e-05 with (3, 2, 1e-07, 0, True)
Reached 200 hyperparameters
Best estimate so far: 4.4439871036877445e-05 with (3, 2, 1e-07, 0, True)
Reached 210 hyperparameters
Best estimate so far: 4.4439871036877445e-05 with (3, 2, 1e-07, 0, True)
Reached 220 hyperparameters
Best estimate so far: 4.4439871036877445e-05 with (3, 2, 1e-07, 0, True)
Best parameters found are (3, 2, 1e-07, 0, True) with error 4.4439871036877445e-05
Amount of time to run: 3.261975049972534
