/home/gballarin/hannah/estimators/ngrc_funcs.py:222: RuntimeWarning: overflow encountered in scalar multiply
  monomial_row = monomial_row * Xtest[X_row_ids[row_id], j]
/home/gballarin/hannah/estimators/ngrc_funcs.py:229: RuntimeWarning: invalid value encountered in matmul
  Xtest[0:self.ndim, j+1] = Xtest[0:self.ndim, j] + Otest @ self.Wout
/home/gballarin/hannah/estimators/ngrc_funcs.py:222: RuntimeWarning: overflow encountered in scalar multiply
  monomial_row = monomial_row * Xtest[X_row_ids[row_id], j]
/home/gballarin/hannah/estimators/ngrc_funcs.py:229: RuntimeWarning: invalid value encountered in matmul
  Xtest[0:self.ndim, j+1] = Xtest[0:self.ndim, j] + Otest @ self.Wout
/home/gballarin/hannah/utils/errors.py:40: RuntimeWarning: overflow encountered in square
  mse = np.mean((y_true - y_pred)**2)
/home/gballarin/hannah/estimators/ngrc_funcs.py:222: RuntimeWarning: overflow encountered in scalar multiply
  monomial_row = monomial_row * Xtest[X_row_ids[row_id], j]
/home/gballarin/hannah/estimators/ngrc_funcs.py:222: RuntimeWarning: overflow encountered in scalar multiply
  monomial_row = monomial_row * Xtest[X_row_ids[row_id], j]
/home/gballarin/hannah/estimators/ngrc_funcs.py:222: RuntimeWarning: overflow encountered in scalar multiply
  monomial_row = monomial_row * Xtest[X_row_ids[row_id], j]
/home/gballarin/hannah/estimators/ngrc_funcs.py:222: RuntimeWarning: overflow encountered in scalar multiply
  monomial_row = monomial_row * Xtest[X_row_ids[row_id], j]
/home/gballarin/hannah/estimators/ngrc_funcs.py:229: RuntimeWarning: invalid value encountered in matmul
  Xtest[0:self.ndim, j+1] = Xtest[0:self.ndim, j] + Otest @ self.Wout
/home/gballarin/hannah/estimators/ngrc_funcs.py:222: RuntimeWarning: overflow encountered in scalar multiply
  monomial_row = monomial_row * Xtest[X_row_ids[row_id], j]
/home/gballarin/hannah/estimators/ngrc_funcs.py:229: RuntimeWarning: invalid value encountered in matmul
  Xtest[0:self.ndim, j+1] = Xtest[0:self.ndim, j] + Otest @ self.Wout
/home/gballarin/hannah/utils/errors.py:40: RuntimeWarning: overflow encountered in square
  mse = np.mean((y_true - y_pred)**2)
/home/gballarin/hannah/utils/errors.py:40: RuntimeWarning: overflow encountered in square
  mse = np.mean((y_true - y_pred)**2)
/home/gballarin/hannah/estimators/ngrc_funcs.py:229: RuntimeWarning: invalid value encountered in matmul
  Xtest[0:self.ndim, j+1] = Xtest[0:self.ndim, j] + Otest @ self.Wout
/home/gballarin/hannah/estimators/ngrc_funcs.py:229: RuntimeWarning: invalid value encountered in matmul
  Xtest[0:self.ndim, j+1] = Xtest[0:self.ndim, j] + Otest @ self.Wout
/home/gballarin/hannah/estimators/ngrc_funcs.py:229: RuntimeWarning: invalid value encountered in matmul
  Xtest[0:self.ndim, j+1] = Xtest[0:self.ndim, j] + Otest @ self.Wout
/home/gballarin/hannah/estimators/ngrc_funcs.py:222: RuntimeWarning: overflow encountered in scalar multiply
  monomial_row = monomial_row * Xtest[X_row_ids[row_id], j]
/home/gballarin/hannah/estimators/ngrc_funcs.py:229: RuntimeWarning: invalid value encountered in matmul
  Xtest[0:self.ndim, j+1] = Xtest[0:self.ndim, j] + Otest @ self.Wout
/home/gballarin/hannah/utils/errors.py:40: RuntimeWarning: overflow encountered in square
  mse = np.mean((y_true - y_pred)**2)
/home/gballarin/hannah/utils/errors.py:40: RuntimeWarning: overflow encountered in square
  mse = np.mean((y_true - y_pred)**2)
/home/gballarin/hannah/utils/errors.py:40: RuntimeWarning: overflow encountered in square
  mse = np.mean((y_true - y_pred)**2)
/home/gballarin/hannah/estimators/ngrc_funcs.py:222: RuntimeWarning: overflow encountered in scalar multiply
  monomial_row = monomial_row * Xtest[X_row_ids[row_id], j]
/home/gballarin/hannah/estimators/ngrc_funcs.py:229: RuntimeWarning: invalid value encountered in matmul
  Xtest[0:self.ndim, j+1] = Xtest[0:self.ndim, j] + Otest @ self.Wout
/home/gballarin/hannah/estimators/ngrc_funcs.py:222: RuntimeWarning: overflow encountered in scalar multiply
  monomial_row = monomial_row * Xtest[X_row_ids[row_id], j]
/home/gballarin/hannah/estimators/ngrc_funcs.py:229: RuntimeWarning: invalid value encountered in matmul
  Xtest[0:self.ndim, j+1] = Xtest[0:self.ndim, j] + Otest @ self.Wout
/home/gballarin/hannah/utils/errors.py:40: RuntimeWarning: overflow encountered in square
  mse = np.mean((y_true - y_pred)**2)
/home/gballarin/hannah/estimators/ngrc_funcs.py:222: RuntimeWarning: overflow encountered in scalar multiply
  monomial_row = monomial_row * Xtest[X_row_ids[row_id], j]
/home/gballarin/hannah/estimators/ngrc_funcs.py:229: RuntimeWarning: invalid value encountered in matmul
  Xtest[0:self.ndim, j+1] = Xtest[0:self.ndim, j] + Otest @ self.Wout
/home/gballarin/hannah/utils/errors.py:40: RuntimeWarning: overflow encountered in square
  mse = np.mean((y_true - y_pred)**2)
/home/gballarin/hannah/utils/errors.py:40: RuntimeWarning: overflow encountered in square
  mse = np.mean((y_true - y_pred)**2)
/home/gballarin/hannah/utils/errors.py:40: RuntimeWarning: overflow encountered in square
  mse = np.mean((y_true - y_pred)**2)
/home/gballarin/hannah/utils/errors.py:40: RuntimeWarning: overflow encountered in square
  mse = np.mean((y_true - y_pred)**2)
Best parameters found are (2, 2, 0.1, 2) with error 0.049565315712818483
Amount of time to run: 1.110457181930542
