Reached 2 hyperparameters
Best estimate so far: 0.05435718877312055 with (1, 1, 1e-13, 0, True)
Reached 4 hyperparameters
Best estimate so far: 0.05435718877312055 with (1, 1, 1e-14, 0, True)
Reached 6 hyperparameters
Best estimate so far: 0.05435718877312055 with (1, 1, 1e-14, 0, True)
Reached 8 hyperparameters
Best estimate so far: 0.05435718877312055 with (1, 1, 1e-14, 0, True)
Reached 10 hyperparameters
Best estimate so far: 0.05435718877312055 with (1, 1, 1e-14, 0, True)
Reached 12 hyperparameters
Best estimate so far: 0.05435718877312055 with (1, 1, 1e-14, 0, True)
Reached 14 hyperparameters
Best estimate so far: 0.05435718877312055 with (1, 1, 1e-14, 0, True)
Reached 16 hyperparameters
Best estimate so far: 0.05135844646824307 with (2, 1, 1e-10, 0, True)
Reached 18 hyperparameters
Best estimate so far: 0.05135844646824307 with (2, 1, 1e-10, 0, True)
Reached 20 hyperparameters
Best estimate so far: 0.051358446468105855 with (2, 1, 1e-15, 0, True)
Reached 22 hyperparameters
Best estimate so far: 0.051358446468105855 with (2, 1, 1e-15, 0, True)
Reached 24 hyperparameters
Best estimate so far: 0.051358446468105855 with (2, 1, 1e-14, 0, True)
Reached 26 hyperparameters
Best estimate so far: 0.04954026871808817 with (3, 1, 1e-12, 0, True)
Reached 28 hyperparameters
Best estimate so far: 0.04954026871808817 with (3, 1, 1e-12, 0, True)
Reached 30 hyperparameters
Best estimate so far: 0.04954026871808817 with (3, 1, 1e-12, 0, True)
Reached 32 hyperparameters
Best estimate so far: 0.04954026871808729 with (3, 1, 1e-14, 0, True)
Reached 34 hyperparameters
Best estimate so far: 0.04954026871808729 with (3, 1, 1e-14, 0, True)
Reached 36 hyperparameters
Best estimate so far: 0.04954026871808729 with (3, 1, 1e-14, 0, True)
Reached 38 hyperparameters
Best estimate so far: 0.04954026871808729 with (3, 1, 1e-14, 0, True)
Reached 40 hyperparameters
Best estimate so far: 0.04854062469043646 with (4, 1, 0.01, 0, True)
Reached 42 hyperparameters
Best estimate so far: 0.04854062469043646 with (4, 1, 0.01, 0, True)
Reached 44 hyperparameters
Best estimate so far: 0.04853691452368368 with (4, 1, 0.001, 0, True)
Reached 46 hyperparameters
Best estimate so far: 0.048536503302611354 with (4, 1, 1e-07, 0, True)
Reached 48 hyperparameters
Best estimate so far: 0.048536503302611354 with (4, 1, 1e-07, 0, True)
Reached 50 hyperparameters
Best estimate so far: 0.04809576417283799 with (5, 1, 1e-15, 0, True)
Reached 52 hyperparameters
Best estimate so far: 0.04809576417283799 with (5, 1, 1e-15, 0, True)
Reached 54 hyperparameters
Best estimate so far: 0.04809576417283799 with (5, 1, 1e-15, 0, True)
Reached 56 hyperparameters
Best estimate so far: 0.04809576417283799 with (5, 1, 1e-15, 0, True)
Reached 58 hyperparameters
Best estimate so far: 0.048095764172837514 with (5, 1, 1e-12, 0, True)
Reached 60 hyperparameters
Best estimate so far: 0.048095764172837514 with (5, 1, 1e-12, 0, True)
Reached 62 hyperparameters
Best estimate so far: 0.048095764172837514 with (5, 1, 1e-12, 0, True)
Reached 64 hyperparameters
Best estimate so far: 0.048095764172837514 with (5, 1, 1e-12, 0, True)
Reached 66 hyperparameters
Best estimate so far: 0.048095764172837514 with (5, 1, 1e-12, 0, True)
Reached 68 hyperparameters
Best estimate so far: 0.048095764172837514 with (5, 1, 1e-12, 0, True)
Reached 70 hyperparameters
Best estimate so far: 0.047957697449148705 with (6, 1, 1e-15, 0, True)
Reached 72 hyperparameters
Best estimate so far: 0.04795769744914759 with (6, 1, 1e-11, 0, True)
Reached 74 hyperparameters
Best estimate so far: 0.047957697449007616 with (6, 1, 1e-09, 0, True)
Reached 76 hyperparameters
Best estimate so far: 0.0479575537930219 with (6, 1, 0.001, 0, True)
Reached 78 hyperparameters
Best estimate so far: 0.0479575537930219 with (6, 1, 0.001, 0, True)
Reached 80 hyperparameters
Best estimate so far: 0.0479575537930219 with (6, 1, 0.001, 0, True)
Reached 82 hyperparameters
Best estimate so far: 0.047945520831957016 with (6, 1, 0.1, 0, True)
Reached 84 hyperparameters
Best estimate so far: 0.047945520831957016 with (6, 1, 0.1, 0, True)
Reached 86 hyperparameters
Best estimate so far: 0.047945520831957016 with (6, 1, 0.1, 0, True)
Reached 88 hyperparameters
Best estimate so far: 0.047945520831957016 with (6, 1, 0.1, 0, True)
Reached 90 hyperparameters
Best estimate so far: 0.047945520831957016 with (6, 1, 0.1, 0, True)
Reached 92 hyperparameters
Best estimate so far: 0.047945520831957016 with (6, 1, 0.1, 0, True)
Reached 94 hyperparameters
Best estimate so far: 0.047945520831957016 with (6, 1, 0.1, 0, True)
Reached 96 hyperparameters
Best estimate so far: 0.047945520831957016 with (6, 1, 0.1, 0, True)
Reached 98 hyperparameters
Best estimate so far: 0.047945520831957016 with (6, 1, 0.1, 0, True)
Reached 100 hyperparameters
Best estimate so far: 0.04792768593577364 with (8, 1, 1e-11, 0, True)
Reached 102 hyperparameters
Best estimate so far: 0.047927684290260134 with (8, 1, 1e-05, 0, True)
Reached 104 hyperparameters
Best estimate so far: 0.047927684290260134 with (8, 1, 1e-05, 0, True)
Reached 106 hyperparameters
Best estimate so far: 0.04781593774440339 with (9, 1, 1e-14, 0, True)
Reached 108 hyperparameters
Best estimate so far: 0.04781593774440339 with (9, 1, 1e-13, 0, True)
Reached 110 hyperparameters
Best estimate so far: 0.04781593774440339 with (9, 1, 1e-13, 0, True)
Reached 112 hyperparameters
Best estimate so far: 0.04781593774440339 with (9, 1, 1e-13, 0, True)
Reached 114 hyperparameters
Best estimate so far: 0.047815937739019175 with (9, 1, 1e-07, 0, True)
Reached 116 hyperparameters
Best estimate so far: 0.047815937205999366 with (9, 1, 1e-05, 0, True)
Reached 118 hyperparameters
Best estimate so far: 0.047815937205999366 with (9, 1, 1e-05, 0, True)
Reached 120 hyperparameters
Best estimate so far: 0.04781593236062768 with (9, 1, 0.0001, 0, True)
Reached 122 hyperparameters
Best estimate so far: 0.04781593236062768 with (9, 1, 0.0001, 0, True)
Reached 124 hyperparameters
Best estimate so far: 0.04781593236062768 with (9, 1, 0.0001, 0, True)
Reached 126 hyperparameters
Best estimate so far: 0.04781593236062768 with (9, 1, 0.0001, 0, True)
Reached 128 hyperparameters
Best estimate so far: 0.04781593236062768 with (9, 1, 0.0001, 0, True)
Reached 130 hyperparameters
Best estimate so far: 0.04781593236062768 with (9, 1, 0.0001, 0, True)
Reached 132 hyperparameters
Best estimate so far: 0.04781540209187549 with (9, 1, 0.01, 0, True)
Reached 134 hyperparameters
Best estimate so far: 0.04781075773349548 with (9, 1, 0.1, 0, True)
Best parameters found are (9, 1, 0.1, 0, True) with error 0.04781075773349548
Amount of time to run: 1.1187093257904053
